<?xml version="1.0" encoding="UTF-8"?>
<testng-results skipped="0" failed="0" ignored="0" total="1" passed="1">
  <reporter-output>
  </reporter-output>
  <suite name="Default suite" duration-ms="17998" started-at="2021-03-05T06:49:15 IST" finished-at="2021-03-05T06:49:33 IST">
    <groups>
    </groups>
    <test name="Default test" duration-ms="17998" started-at="2021-03-05T06:49:15 IST" finished-at="2021-03-05T06:49:33 IST">
      <class name="multibrowser.InvokeBrowserDynamically">
        <test-method status="PASS" signature="OpenBrowser(java.lang.String)[pri:0, instance:multibrowser.InvokeBrowserDynamically@4d95d2a2]" name="OpenBrowser" is-config="true" duration-ms="4271" started-at="2021-03-05T06:49:15 IST" finished-at="2021-03-05T06:49:19 IST">
          <params>
            <param index="0">
              <value>
                <![CDATA[chrome]]>
              </value>
            </param>
          </params>
          <reporter-output>
          </reporter-output>
        </test-method> <!-- OpenBrowser -->
        <test-method status="PASS" signature="verifyFaceBookHomePage()[pri:0, instance:multibrowser.InvokeBrowserDynamically@4d95d2a2]" name="verifyFaceBookHomePage" duration-ms="12822" started-at="2021-03-05T06:49:19 IST" finished-at="2021-03-05T06:49:32 IST">
          <reporter-output>
          </reporter-output>
        </test-method> <!-- verifyFaceBookHomePage -->
        <test-method status="PASS" signature="quitBrowser()[pri:0, instance:multibrowser.InvokeBrowserDynamically@4d95d2a2]" name="quitBrowser" is-config="true" duration-ms="828" started-at="2021-03-05T06:49:32 IST" finished-at="2021-03-05T06:49:33 IST">
          <reporter-output>
          </reporter-output>
        </test-method> <!-- quitBrowser -->
      </class> <!-- multibrowser.InvokeBrowserDynamically -->
    </test> <!-- Default test -->
  </suite> <!-- Default suite -->
</testng-results>
